03/31 00:40:13  + generating charts
04/05 10:25:13  + generating charts
04/05 10:25:37  + running c_biradas.sh
04/05 10:25:39  + running c_biramarket.sh
04/05 10:25:40  + running c_butikbira.sh
04/05 10:25:44  + running c_egemalt.sh
04/05 10:25:45  + running c_fermantasyonmarket.sh
04/05 10:25:47  + running c_kedikoy.sh
04/05 10:25:52  + running c_tazemayse.sh
04/05 10:25:54  + running c_vinomarket.sh
04/05 10:25:55 Importing fiyatlar.csv into fiyatlar.sqlite
04/05 10:25:55  + generating charts
04/10 15:19:09  + running c_biradas.sh
04/10 15:19:15  + running c_biramarket.sh
04/10 15:19:16  + running c_butikbira.sh
04/10 15:19:24  + running c_fermantasyonmarket.sh
04/10 15:19:30  + running c_kedikoy.sh
04/10 15:19:32  + running c_tazemayse.sh
04/10 15:19:33  + running c_vinomarket.sh
04/10 15:19:40 Importing fiyatlar.csv into fiyatlar.sqlite
04/10 15:19:40  + generating charts
04/10 15:22:10  + running c_biradas.sh
04/10 15:22:16  + running c_biramarket.sh
04/10 15:22:22  + running c_butikbira.sh
04/10 15:22:25  + running c_fermantasyonmarket.sh
04/10 15:22:26  + running c_kedikoy.sh
04/10 15:22:28  + running c_tazemayse.sh
04/10 15:22:30  + running c_vinomarket.sh
04/10 15:22:36 Importing fiyatlar.csv into fiyatlar.sqlite
04/10 15:22:36  + generating charts
04/10 19:56:47  + running c_biradas.sh
04/10 19:56:48  + running c_biramarket.sh
04/10 19:56:50  + running c_butikbira.sh
04/10 19:56:52  + running c_fermantasyonmarket.sh
04/10 19:56:54  + running c_kedikoy.sh
04/10 19:56:57  + running c_tazemayse.sh
04/10 19:56:58  + running c_vinomarket.sh
04/10 19:57:00 Importing fiyatlar.csv into fiyatlar.sqlite
04/10 19:57:00  + generating charts
04/10 16:59:18  + running c_biradas.sh
04/10 16:59:19  + running c_biramarket.sh
04/10 16:59:39  + running c_butikbira.sh
04/10 16:59:42  + running c_fermantasyonmarket.sh
04/10 16:59:43  + running c_kedikoy.sh
04/10 16:59:46  + running c_tazemayse.sh
04/10 16:59:53  + running c_vinomarket.sh
04/10 17:00:00 Importing fiyatlar.csv into fiyatlar.sqlite
04/10 17:00:00  + generating charts
04/10 17:06:46  + running c_biramarket.sh
04/10 17:06:49 Importing fiyatlar.csv into fiyatlar.sqlite
04/10 17:06:49  + generating charts
